.CD1_二代目つば飲みおじさん - 100cmデカパイ巨乳輪レイヤー18歳【敏感乳首イキ繰返し涙イラマえづき汁噴出】アナル絶頂＆オシッコ公開で真性ドＭ白状ドロドロ体液漬け【喉まで飛ぶパイズリ狭射】SEX調教97分__Big tits, Chubby_720p.mp4
.CD2_二代目つば飲みおじさん - 100cmデカパイ巨乳輪レイヤー18歳【敏感乳首イキ繰返し涙イラマえづき汁噴出】アナル絶頂＆オシッコ公開で真性ドＭ白状ドロドロ体液漬け【喉まで飛ぶパイズリ狭射】SEX調教97分__Big tits, Chubby_720p.mp4
1000Giri-140926_めっちゃしたい！！改#94 ～シタイ気マンマンの超美形女子校生～__Amateur, Uncensored_720p.wmv
1000Giri-150424_めっちゃしたい！！改#117 ～爆乳女子校生が淫らに変貌__Amateur, Big tits, Chubby, Uncensored_720p.wmv
1000Giri-150501_めっちゃしたい！！改#118 ～無邪気な笑顔のＦカップ女子校生～__Amateur, Big tits, Uncensored_720p.wmv
1000Giri-150612_めっちゃしたい！！改#122 経験は少ないけど感じ過ぎちゃう__Amateur, Uncensored_720p.mp4
1pon-021011-027_性のいけにえ 前編_波多野結衣_Big tits, Uncensored_480p.avi
1pon-021213-530_真実の愛に隠された現実_波多野結衣_Big tits, Stockings, Uncensored_480p.avi
1pon-030811-044_性のいけ 後編_波多野結衣_Big tits, Uncensored_480p.avi
1pon-052411_100_ハタノワールドへようこそパート2_波多野結衣_Big tits, Uncensored_480p.avi
1pon-091214-880_汚された爆乳制服美女_赤井美月_Big tits, Uncensored_480p.flv
1pon-091416-382_上原亜衣アナルスペシャル_上原亜衣_Big tits, Uncensored_1080p.mp4
1pon-100612_444_イってもイってもまだ足りない！_波多野結衣_Big tits, Stockings, Uncensored_360p.avi
1pon-100915-168_モデルコレクション スペシャル_上原亜衣_Big tits, Stockings, Uncensored_1080p.mp4
1pon-102116-410_上原亜衣〜癒しスペシャル〜_上原亜衣_Big tits, Handjob, Uncensored_1080p.mp4
1pon-112812_481_思う存分！もっともっと波多野結衣_波多野結衣_Big tits, Uncensored_480p.avi
200GANA-1680_百戦錬磨のナンパ師のヤリ部屋で、連れ込みSEX隠し撮り 044__Amateur, Big tits_480p.mp4
200GANA-500_マジ軟派、初撮。386_ゆい 20歳 レースクイーン_Amateur, Big tits_480p.mp4
259LUXU-333_ラグジュ TV 311 白村珠理 26歳 学校教員__Amateur, Big tits, Stockings_720p.mp4
259LUXU-350_ラグジュ TV 354 柏木美月 27歳 ブライダルプランナー__Amateur, Big tits, Stockings_1080p.mp4
259LUXU-404_ラグジュ TV 436 橘蓮さん 34歳 元女優__Amateur, Long legs_720p.mp4
259LUXU-457_ラグジュ TV 441 園田みおん 20歳 AV女優_園田みおん_Big tits_720p.mp4
259LUXU-461_ラグジュ TV 445 君島紗枝さん 37歳 雑誌編集長__Amateur, Long legs_360p.mp4
259LUXU-694_ラグジュ TV 685 古川蘭 28歳 英語教師__Amateur, Stockings_480p.mp4
259LUXU-714_ラグジュ TV 692 佐々木遥 21歳 モデル__Amateur, Stockings_360p.mp4
259LUXU-764_ラグジュ TV 733 旭川莉奈 29歳 大學講師__Amateur_720p.mp4
259LUXU-795_ラグジュ TV 775 春野咲 36歳 ペットショップ経営__Amateur, Favorite, Stockings_720p.mp4
259LUXU-931_ラグジュ TV 915 九条あやか 25歳 百貨店のコンシェルジュ__Amateur, Big tits, Stockings_480p.mp4
259LUXU-948_ラグジュ TV 941 松川早苗 28歳 ホテル勤務__Amateur, Big tits_720p.mp4
259LUXU-951_ラグジュ TV 940 川奈みのり 23歳 スタイリスト__Amateur, Stockings_720p.mp4
259LUXU-959_ラグジュ TV 938 花崎あゆみ 25歳 ダンサー__Amateur, Big tits, Stockings_720p.mp4
259LUXU-993_ラグジュ TV 976 佐伯まお 27歳 小児科医__Amateur, Long legs_720p.mp4
26ID-034.CD1_麻里梨夏コスプレSPECIAL BEST 4時間_麻里梨夏__1080p.mp4
26ID-034.CD2_麻里梨夏コスプレSPECIAL BEST 4時間_麻里梨夏__1080p.mp4
300MIUM-122_私立パコパコ女子大学 女子大生とトラックテントで即ハメ旅 つばさ 21歳 女子大生__Amateur, Big tits, Fleshlight_480p.mp4
300MIUM-161_【爆乳就活生】超絶Gカップ！リクルートスーツに隠れたGカップ！ ひな 20歳 女子大生__Amateur, Big tits_480p.mp4
_Big Natural Boobs Get a Cum on Tits Climax_Lucie Wilde_Big tits, Stockings, Uncensored, Western_360p.mp4
_Cosplay With Cantaloupes_Lucie Wilde_Big tits, No sex, Uncensored, Western_360p.mp4
_Cream Dream Come True_Lucie Wilde_Big tits, Uncensored, Western_360p.mp4
_Cum on Face_Lucie Wilde_Big tits, Uncensored, Western_480p.mp4
_Czech fucked in forrest_Lucie Wilde_Big tits, Uncensored, Western_360p.mp4
_DDF Busty_Lucie Wilde, Kyra Hot_Big tits, Uncensored, Western_360p.mp4
_HERESY - エッチなマシュの人_林檎蜜紀_Big tits, No sex, Stockings_480p.mp4
_Lunchtime With Lucie_Lucie Wilde_Big tits, No sex, Stockings, Uncensored, Western_360p.mp4
_Nasty Secretary_Lucie Wilde_Big tits, Uncensored, Western_720p.mp4
_Sex Syndrome - カルデアぱんつ部　教えてほしいならいろいろ教えてあげる　xxxしてもよくってよ　ＦＧ〇欅⊿みーちゃん似エレナママ[H]__Handjob, Small tits_480p.mp4
_Sex Syndrome - ガチ洗脳ちゃん １８歳Ｇカップ自閉症スペクトラム黒ギャルレイヤー オール生ナカダシ性処理便女ドＭ調教記録 ＦＧ〇　アルテラ[スイートデビルのセイバー]-H-__Big tits_360p.mp4
_Sex Syndrome - ガチ洗脳ちゃん １８歳Ｇカップ自閉症スペクトラム黒ギャルレイヤー オール生ナカダシ性処理便女ドＭ調教記録 ＦＧ〇　水着ＢＢ[褐色えっちちのムーンキャンサー]-H-__Big tits, Tanned_1080p.mp4
_The Most Happy Place_Lucie Wilde_Big tits, Uncensored, Western_360p.mp4
_二代目つば飲みおじさん - 極乳105cmツンデレ美少女レイヤー19歳【唾液Dキス＆連続イラマえづき汁トランスおしっこ噴射絶頂】生意気プライド完全崩壊ドＭ【全身性感帯】性奴隷完堕ちパイズリ狭射体液漬け5P輪姦SEX110分__Big tits, Chubby_7480p.mp4
